<?xml version="1.0" encoding="UTF-8"?>
<coverage generated="1690486176310" clover="3.2.0">
  <project timestamp="1690486176310" name="All files">
    <metrics statements="4" coveredstatements="4" conditionals="17" coveredconditionals="17" methods="1" coveredmethods="1" elements="22" coveredelements="22" complexity="0" loc="4" ncloc="4" packages="1" files="2" classes="2"/>
    <file name="Alert.tsx" path="/Volumes/T7/Programming/StackFive/C4-UI/src/components/Alert/Alert.tsx">
      <metrics statements="4" coveredstatements="4" conditionals="17" coveredconditionals="17" methods="1" coveredmethods="1"/>
      <line num="25" count="1" type="stmt"/>
      <line num="34" count="7" type="stmt"/>
      <line num="42" count="7" type="stmt"/>
      <line num="79" count="1" type="stmt"/>
    </file>
    <file name="Alert.types.ts" path="/Volumes/T7/Programming/StackFive/C4-UI/src/components/Alert/Alert.types.ts">
      <metrics statements="0" coveredstatements="0" conditionals="0" coveredconditionals="0" methods="0" coveredmethods="0"/>
    </file>
  </project>
</coverage>
